CRITICAL - 2023-08-27 00:11:44 --> Invalid file: "proyec_frontend\inicion.php"
in SYSTEMPATH\Exceptions\FrameworkException.php on line 33.
 1 SYSTEMPATH\View\View.php(212): CodeIgniter\Exceptions\FrameworkException::forInvalidFile('proyec_frontend\\inicion.php')
 2 SYSTEMPATH\Common.php(1176): CodeIgniter\View\View->render('proyec_frontend\\inicion', [], true)
 3 APPPATH\Controllers\Home.php(11): view('proyec_frontend\\inicion')
 4 SYSTEMPATH\CodeIgniter.php(932): App\Controllers\Home->index()
 5 SYSTEMPATH\CodeIgniter.php(497): CodeIgniter\CodeIgniter->runController(Object(App\Controllers\Home))
 6 SYSTEMPATH\CodeIgniter.php(366): CodeIgniter\CodeIgniter->handleRequest(null, Object(Config\Cache), false)
 7 FCPATH\index.php(67): CodeIgniter\CodeIgniter->run()
CRITICAL - 2023-08-27 00:13:00 --> Invalid file: "proyec_frontend\inicion.php"
in SYSTEMPATH\Exceptions\FrameworkException.php on line 33.
 1 SYSTEMPATH\View\View.php(212): CodeIgniter\Exceptions\FrameworkException::forInvalidFile('proyec_frontend\\inicion.php')
 2 SYSTEMPATH\Common.php(1176): CodeIgniter\View\View->render('proyec_frontend\\inicion', [], true)
 3 APPPATH\Controllers\Home.php(11): view('proyec_frontend\\inicion')
 4 SYSTEMPATH\CodeIgniter.php(932): App\Controllers\Home->index()
 5 SYSTEMPATH\CodeIgniter.php(497): CodeIgniter\CodeIgniter->runController(Object(App\Controllers\Home))
 6 SYSTEMPATH\CodeIgniter.php(366): CodeIgniter\CodeIgniter->handleRequest(null, Object(Config\Cache), false)
 7 FCPATH\index.php(67): CodeIgniter\CodeIgniter->run()
CRITICAL - 2023-08-27 00:15:31 --> Invalid file: "proyec_frontend\inicion.php"
in SYSTEMPATH\Exceptions\FrameworkException.php on line 33.
 1 SYSTEMPATH\View\View.php(212): CodeIgniter\Exceptions\FrameworkException::forInvalidFile('proyec_frontend\\inicion.php')
 2 SYSTEMPATH\Common.php(1176): CodeIgniter\View\View->render('proyec_frontend\\inicion', [], true)
 3 APPPATH\Controllers\Home.php(11): view('proyec_frontend\\inicion')
 4 SYSTEMPATH\CodeIgniter.php(932): App\Controllers\Home->index()
 5 SYSTEMPATH\CodeIgniter.php(497): CodeIgniter\CodeIgniter->runController(Object(App\Controllers\Home))
 6 SYSTEMPATH\CodeIgniter.php(366): CodeIgniter\CodeIgniter->handleRequest(null, Object(Config\Cache), false)
 7 FCPATH\index.php(67): CodeIgniter\CodeIgniter->run()
