CRITICAL - 2023-08-26 21:22:39 --> Invalid file: "proyec_frontend\primer_poyecto.php"
in SYSTEMPATH\Exceptions\FrameworkException.php on line 33.
 1 SYSTEMPATH\View\View.php(212): CodeIgniter\Exceptions\FrameworkException::forInvalidFile('proyec_frontend\\primer_poyecto.php')
 2 SYSTEMPATH\Common.php(1176): CodeIgniter\View\View->render('proyec_frontend\\primer_poyecto.php', [], true)
 3 APPPATH\Controllers\Home.php(9): view('proyec_frontend\\primer_poyecto.php')
 4 SYSTEMPATH\CodeIgniter.php(932): App\Controllers\Home->index()
 5 SYSTEMPATH\CodeIgniter.php(497): CodeIgniter\CodeIgniter->runController(Object(App\Controllers\Home))
 6 SYSTEMPATH\CodeIgniter.php(366): CodeIgniter\CodeIgniter->handleRequest(null, Object(Config\Cache), false)
 7 FCPATH\index.php(67): CodeIgniter\CodeIgniter->run()
CRITICAL - 2023-08-26 21:23:03 --> Invalid file: "proyec_frontend\primer_poyecto.php"
in SYSTEMPATH\Exceptions\FrameworkException.php on line 33.
 1 SYSTEMPATH\View\View.php(212): CodeIgniter\Exceptions\FrameworkException::forInvalidFile('proyec_frontend\\primer_poyecto.php')
 2 SYSTEMPATH\Common.php(1176): CodeIgniter\View\View->render('proyec_frontend\\primer_poyecto.php', [], true)
 3 APPPATH\Controllers\Home.php(9): view('proyec_frontend\\primer_poyecto.php')
 4 SYSTEMPATH\CodeIgniter.php(932): App\Controllers\Home->index()
 5 SYSTEMPATH\CodeIgniter.php(497): CodeIgniter\CodeIgniter->runController(Object(App\Controllers\Home))
 6 SYSTEMPATH\CodeIgniter.php(366): CodeIgniter\CodeIgniter->handleRequest(null, Object(Config\Cache), false)
 7 FCPATH\index.php(67): CodeIgniter\CodeIgniter->run()
CRITICAL - 2023-08-26 21:24:23 --> Invalid file: "proyec_frontend\primer_poyecto.php"
in SYSTEMPATH\Exceptions\FrameworkException.php on line 33.
 1 SYSTEMPATH\View\View.php(212): CodeIgniter\Exceptions\FrameworkException::forInvalidFile('proyec_frontend\\primer_poyecto.php')
 2 SYSTEMPATH\Common.php(1176): CodeIgniter\View\View->render('proyec_frontend\\primer_poyecto.php', [], true)
 3 APPPATH\Controllers\Home.php(9): view('proyec_frontend\\primer_poyecto.php')
 4 SYSTEMPATH\CodeIgniter.php(932): App\Controllers\Home->index()
 5 SYSTEMPATH\CodeIgniter.php(497): CodeIgniter\CodeIgniter->runController(Object(App\Controllers\Home))
 6 SYSTEMPATH\CodeIgniter.php(366): CodeIgniter\CodeIgniter->handleRequest(null, Object(Config\Cache), false)
 7 FCPATH\index.php(67): CodeIgniter\CodeIgniter->run()
CRITICAL - 2023-08-26 21:24:26 --> Invalid file: "proyec_frontend\primer_poyecto.php"
in SYSTEMPATH\Exceptions\FrameworkException.php on line 33.
 1 SYSTEMPATH\View\View.php(212): CodeIgniter\Exceptions\FrameworkException::forInvalidFile('proyec_frontend\\primer_poyecto.php')
 2 SYSTEMPATH\Common.php(1176): CodeIgniter\View\View->render('proyec_frontend\\primer_poyecto.php', [], true)
 3 APPPATH\Controllers\Home.php(9): view('proyec_frontend\\primer_poyecto.php')
 4 SYSTEMPATH\CodeIgniter.php(932): App\Controllers\Home->index()
 5 SYSTEMPATH\CodeIgniter.php(497): CodeIgniter\CodeIgniter->runController(Object(App\Controllers\Home))
 6 SYSTEMPATH\CodeIgniter.php(366): CodeIgniter\CodeIgniter->handleRequest(null, Object(Config\Cache), false)
 7 FCPATH\index.php(67): CodeIgniter\CodeIgniter->run()
CRITICAL - 2023-08-26 21:25:22 --> Invalid file: "proyec_frontend\primer_poyecto.php"
in SYSTEMPATH\Exceptions\FrameworkException.php on line 33.
 1 SYSTEMPATH\View\View.php(212): CodeIgniter\Exceptions\FrameworkException::forInvalidFile('proyec_frontend\\primer_poyecto.php')
 2 SYSTEMPATH\Common.php(1176): CodeIgniter\View\View->render('proyec_frontend\\primer_poyecto.php', [], true)
 3 APPPATH\Controllers\Home.php(9): view('proyec_frontend\\primer_poyecto.php')
 4 SYSTEMPATH\CodeIgniter.php(932): App\Controllers\Home->index()
 5 SYSTEMPATH\CodeIgniter.php(497): CodeIgniter\CodeIgniter->runController(Object(App\Controllers\Home))
 6 SYSTEMPATH\CodeIgniter.php(366): CodeIgniter\CodeIgniter->handleRequest(null, Object(Config\Cache), false)
 7 FCPATH\index.php(67): CodeIgniter\CodeIgniter->run()
CRITICAL - 2023-08-26 23:46:37 --> Invalid file: "proyec_frontend\principal.php"
in SYSTEMPATH\Exceptions\FrameworkException.php on line 33.
 1 SYSTEMPATH\View\View.php(212): CodeIgniter\Exceptions\FrameworkException::forInvalidFile('proyec_frontend\\principal.php')
 2 SYSTEMPATH\Common.php(1176): CodeIgniter\View\View->render('proyec_frontend\\principal.php', [], true)
 3 APPPATH\Controllers\Home.php(9): view('proyec_frontend\\principal.php')
 4 SYSTEMPATH\CodeIgniter.php(932): App\Controllers\Home->index()
 5 SYSTEMPATH\CodeIgniter.php(497): CodeIgniter\CodeIgniter->runController(Object(App\Controllers\Home))
 6 SYSTEMPATH\CodeIgniter.php(366): CodeIgniter\CodeIgniter->handleRequest(null, Object(Config\Cache), false)
 7 FCPATH\index.php(67): CodeIgniter\CodeIgniter->run()
CRITICAL - 2023-08-26 23:46:37 --> Invalid file: "proyec_frontend\principal.php"
in SYSTEMPATH\Exceptions\FrameworkException.php on line 33.
 1 SYSTEMPATH\View\View.php(212): CodeIgniter\Exceptions\FrameworkException::forInvalidFile('proyec_frontend\\principal.php')
 2 SYSTEMPATH\Common.php(1176): CodeIgniter\View\View->render('proyec_frontend\\principal.php', [], true)
 3 APPPATH\Controllers\Home.php(9): view('proyec_frontend\\principal.php')
 4 SYSTEMPATH\CodeIgniter.php(932): App\Controllers\Home->index()
 5 SYSTEMPATH\CodeIgniter.php(497): CodeIgniter\CodeIgniter->runController(Object(App\Controllers\Home))
 6 SYSTEMPATH\CodeIgniter.php(366): CodeIgniter\CodeIgniter->handleRequest(null, Object(Config\Cache), false)
 7 FCPATH\index.php(67): CodeIgniter\CodeIgniter->run()
